#
# There is insufficient memory for the Java Runtime Environment to continue.
# Native memory allocation (malloc) failed to allocate 1201216 bytes. Error detail: Chunk::new
# Possible reasons:
#   The system is out of physical RAM or swap space
#   This process is running with CompressedOops enabled, and the Java Heap may be blocking the growth of the native heap
# Possible solutions:
#   Reduce memory load on the system
#   Increase physical memory or swap space
#   Check if swap backing store is full
#   Decrease Java heap size (-Xmx/-Xms)
#   Decrease number of Java threads
#   Decrease Java thread stack sizes (-Xss)
#   Set larger code cache with -XX:ReservedCodeCacheSize=
#   JVM is running with Unscaled Compressed Oops mode in which the Java heap is
#     placed in the first 4GB address space. The Java Heap base address is the
#     maximum limit for the native heap growth. Please use -XX:HeapBaseMinAddress
#     to set the Java Heap base and to place the Java Heap above 4GB virtual address.
# This output file may be truncated or incomplete.
#
#  Out of Memory Error (arena.cpp:168), pid=24844, tid=4260
#
# JRE version: OpenJDK Runtime Environment Temurin-21.0.11+10 (21.0.11+10) (build 21.0.11+10-LTS)
# Java VM: OpenJDK 64-Bit Server VM Temurin-21.0.11+10 (21.0.11+10-LTS, mixed mode, sharing, tiered, compressed oops, compressed class ptrs, parallel gc, windows-amd64)
# No core dump will be written. Minidumps are not enabled by default on client versions of Windows
#

---------------  S U M M A R Y ------------

Command Line: --add-modules=ALL-SYSTEM --add-opens=java.base/java.util=ALL-UNNAMED --add-opens=java.base/java.lang=ALL-UNNAMED --add-opens=java.base/sun.nio.fs=ALL-UNNAMED -Declipse.application=org.eclipse.jdt.ls.core.id1 -Dosgi.bundles.defaultStartLevel=4 -Declipse.product=org.eclipse.jdt.ls.core.product -Djava.import.generatesMetadataFilesAtProjectRoot=false -DDetectVMInstallationsJob.disabled=true -Dfile.encoding=utf8 -XX:+UseParallelGC -XX:GCTimeRatio=4 -XX:AdaptiveSizePolicyWeight=90 -Dsun.zip.disableMemoryMapping=true -Xmx2G -Xms100m -Xlog:disable -javaagent:c:\Users\style\.vscode\extensions\redhat.java-1.55.0-win32-x64\lombok\lombok-1.18.39-4050.jar c:\Users\style\.vscode\extensions\redhat.java-1.55.0-win32-x64\server\plugins\org.eclipse.equinox.launcher_1.7.200.v20260619-2039.jar -configuration c:\Users\style\AppData\Roaming\Code\User\globalStorage\redhat.java\1.55.0\config_ss_win -data c:\Users\style\AppData\Roaming\Code\User\workspaceStorage\b5b71c28e1c152c35313750477d44352\redhat.java\ss_ws --pipe=\\.\pipe\lsp-ba3d34201e8746bcdb55a7b5b0099119-sock

Host: 12th Gen Intel(R) Core(TM) i5-12450H, 12 cores, 7G,  Windows 11 , 64 bit Build 26100 (10.0.26100.8875)
Time: Thu Jul 16 19:24:01 2026 Hora estándar central (México) elapsed time: 10.447665 seconds (0d 0h 0m 10s)

---------------  T H R E A D  ---------------

Current thread (0x000002e87a1142c0):  JavaThread "C2 CompilerThread0" daemon [_thread_in_native, id=4260, stack(0x000000fd72b00000,0x000000fd72c00000) (1024K)]


Current CompileTask:
C2:10447 3183       4       java.lang.invoke.MethodType::makeImpl (109 bytes)

Stack: [0x000000fd72b00000,0x000000fd72c00000]
Native frames: (J=compiled Java code, j=interpreted, Vv=VM code, C=native code)
V  [jvm.dll+0x6d7e19]
V  [jvm.dll+0x8b5096]
V  [jvm.dll+0x8b764e]
V  [jvm.dll+0x8b7d33]
V  [jvm.dll+0x284596]
V  [jvm.dll+0xc685d]
V  [jvm.dll+0xc6da1]
V  [jvm.dll+0x3bed6b]
V  [jvm.dll+0x1e4149]
V  [jvm.dll+0x24c853]
V  [jvm.dll+0x24bce0]
V  [jvm.dll+0x1cb4ae]
V  [jvm.dll+0x25baad]
V  [jvm.dll+0x25a03a]
V  [jvm.dll+0x3f868e]
V  [jvm.dll+0x85fb0d]
V  [jvm.dll+0x6d664d]
C  [ucrtbase.dll+0x2cd30]
C  [KERNEL32.DLL+0x2e957]
C  [ntdll.dll+0xaad6c]


---------------  P R O C E S S  ---------------

Threads class SMR info:
_java_thread_list=0x000002e87a2e1090, length=35, elements={
0x000002e8623b2020, 0x000002e862338f70, 0x000002e86233bda0, 0x000002e862342d10,
0x000002e862343b20, 0x000002e862345c10, 0x000002e86234e4d0, 0x000002e87a1142c0,
0x000002e87a114d60, 0x000002e87a3a2870, 0x000002e87a44cc90, 0x000002e845652780,
0x000002e84561b8c0, 0x000002e84561c740, 0x000002e84561fc00, 0x000002e845a8c610,
0x000002e845b63790, 0x000002e845b64200, 0x000002e845e4d5b0, 0x000002e845e4dc40,
0x000002e845e4cf20, 0x000002e845e4e2d0, 0x000002e845e4ae50, 0x000002e845e4b4e0,
0x000002e845e4bb70, 0x000002e845e4c200, 0x000002e87a2a9f60, 0x000002e87a2ac030,
0x000002e87a2aa5f0, 0x000002e87a2aac80, 0x000002e87a2a9240, 0x000002e87a2ac6c0,
0x000002e87a2ab310, 0x000002e87a2ab9a0, 0x000002e87a2acd50
}

Java Threads: ( => current thread )
  0x000002e8623b2020 JavaThread "main"                              [_thread_blocked, id=19892, stack(0x000000fd72100000,0x000000fd72200000) (1024K)]
  0x000002e862338f70 JavaThread "Reference Handler"          daemon [_thread_blocked, id=26804, stack(0x000000fd72500000,0x000000fd72600000) (1024K)]
  0x000002e86233bda0 JavaThread "Finalizer"                  daemon [_thread_blocked, id=25908, stack(0x000000fd72600000,0x000000fd72700000) (1024K)]
  0x000002e862342d10 JavaThread "Signal Dispatcher"          daemon [_thread_blocked, id=24164, stack(0x000000fd72700000,0x000000fd72800000) (1024K)]
  0x000002e862343b20 JavaThread "Attach Listener"            daemon [_thread_blocked, id=25372, stack(0x000000fd72800000,0x000000fd72900000) (1024K)]
  0x000002e862345c10 JavaThread "Service Thread"             daemon [_thread_blocked, id=27004, stack(0x000000fd72900000,0x000000fd72a00000) (1024K)]
  0x000002e86234e4d0 JavaThread "Monitor Deflation Thread"   daemon [_thread_blocked, id=32448, stack(0x000000fd72a00000,0x000000fd72b00000) (1024K)]
=>0x000002e87a1142c0 JavaThread "C2 CompilerThread0"         daemon [_thread_in_native, id=4260, stack(0x000000fd72b00000,0x000000fd72c00000) (1024K)]
  0x000002e87a114d60 JavaThread "C1 CompilerThread0"         daemon [_thread_blocked, id=26100, stack(0x000000fd72c00000,0x000000fd72d00000) (1024K)]
  0x000002e87a3a2870 JavaThread "Common-Cleaner"             daemon [_thread_blocked, id=13604, stack(0x000000fd72d00000,0x000000fd72e00000) (1024K)]
  0x000002e87a44cc90 JavaThread "Notification Thread"        daemon [_thread_blocked, id=26696, stack(0x000000fd72e00000,0x000000fd72f00000) (1024K)]
  0x000002e845652780 JavaThread "Active Thread: Equinox Container: f395135e-04bf-4213-b7fe-f121b4b1dd04"        [_thread_blocked, id=15400, stack(0x000000fd73500000,0x000000fd73600000) (1024K)]
  0x000002e84561b8c0 JavaThread "Framework Event Dispatcher: Equinox Container: f395135e-04bf-4213-b7fe-f121b4b1dd04" daemon [_thread_blocked, id=27836, stack(0x000000fd73600000,0x000000fd73700000) (1024K)]
  0x000002e84561c740 JavaThread "Start Level: Equinox Container: f395135e-04bf-4213-b7fe-f121b4b1dd04" daemon [_thread_blocked, id=31072, stack(0x000000fd73700000,0x000000fd73800000) (1024K)]
  0x000002e84561fc00 JavaThread "SCR Component Actor"        daemon [_thread_blocked, id=29172, stack(0x000000fd73900000,0x000000fd73a00000) (1024K)]
  0x000002e845a8c610 JavaThread "Worker-JM"                         [_thread_blocked, id=17612, stack(0x000000fd73a00000,0x000000fd73b00000) (1024K)]
  0x000002e845b63790 JavaThread "Worker-0"                          [_thread_blocked, id=29868, stack(0x000000fd73d00000,0x000000fd73e00000) (1024K)]
  0x000002e845b64200 JavaThread "Worker-1"                          [_thread_blocked, id=8784, stack(0x000000fd73e00000,0x000000fd73f00000) (1024K)]
  0x000002e845e4d5b0 JavaThread "JNA Cleaner"                daemon [_thread_blocked, id=31900, stack(0x000000fd73f00000,0x000000fd74000000) (1024K)]
  0x000002e845e4dc40 JavaThread "Thread-1"                   daemon [_thread_in_native, id=27508, stack(0x000000fd74200000,0x000000fd74300000) (1024K)]
  0x000002e845e4cf20 JavaThread "Thread-2"                   daemon [_thread_in_native, id=27800, stack(0x000000fd74300000,0x000000fd74400000) (1024K)]
  0x000002e845e4e2d0 JavaThread "Thread-3"                   daemon [_thread_in_native, id=28552, stack(0x000000fd74400000,0x000000fd74500000) (1024K)]
  0x000002e845e4ae50 JavaThread "Thread-4"                   daemon [_thread_in_native, id=16004, stack(0x000000fd74500000,0x000000fd74600000) (1024K)]
  0x000002e845e4b4e0 JavaThread "Thread-5"                   daemon [_thread_in_native, id=22008, stack(0x000000fd74600000,0x000000fd74700000) (1024K)]
  0x000002e845e4bb70 JavaThread "Thread-6"                   daemon [_thread_in_native, id=30932, stack(0x000000fd74700000,0x000000fd74800000) (1024K)]
  0x000002e845e4c200 JavaThread "Thread-7"                   daemon [_thread_in_native, id=30216, stack(0x000000fd74800000,0x000000fd74900000) (1024K)]
  0x000002e87a2a9f60 JavaThread "Thread-8"                   daemon [_thread_in_native, id=25068, stack(0x000000fd74900000,0x000000fd74a00000) (1024K)]
  0x000002e87a2ac030 JavaThread "Thread-9"                   daemon [_thread_in_native, id=26476, stack(0x000000fd74a00000,0x000000fd74b00000) (1024K)]
  0x000002e87a2aa5f0 JavaThread "Thread-10"                  daemon [_thread_in_native, id=2008, stack(0x000000fd74b00000,0x000000fd74c00000) (1024K)]
  0x000002e87a2aac80 JavaThread "Thread-11"                  daemon [_thread_in_native, id=31520, stack(0x000000fd74c00000,0x000000fd74d00000) (1024K)]
  0x000002e87a2a9240 JavaThread "Thread-12"                  daemon [_thread_in_native, id=7400, stack(0x000000fd74d00000,0x000000fd74e00000) (1024K)]
  0x000002e87a2ac6c0 JavaThread "Thread-13"                  daemon [_thread_in_native, id=8848, stack(0x000000fd74e00000,0x000000fd74f00000) (1024K)]
  0x000002e87a2ab310 JavaThread "pool-2-thread-1"                   [_thread_blocked, id=27064, stack(0x000000fd74f00000,0x000000fd75000000) (1024K)]
  0x000002e87a2ab9a0 JavaThread "WorkspaceEventsHandler"            [_thread_blocked, id=33680, stack(0x000000fd75000000,0x000000fd75100000) (1024K)]
  0x000002e87a2acd50 JavaThread "pool-1-thread-1"                   [_thread_in_Java, id=24304, stack(0x000000fd75100000,0x000000fd75200000) (1024K)]
Total: 35

Other Threads:
  0x000002e86244a940 VMThread "VM Thread"                           [id=33340, stack(0x000000fd72400000,0x000000fd72500000) (1024K)]
  0x000002e86222ca00 WatcherThread "VM Periodic Task Thread"        [id=31864, stack(0x000000fd72300000,0x000000fd72400000) (1024K)]
  0x000002e8623c84f0 WorkerThread "GC Thread#0"                     [id=22872, stack(0x000000fd72200000,0x000000fd72300000) (1024K)]
  0x000002e845017450 WorkerThread "GC Thread#1"                     [id=28840, stack(0x000000fd72f00000,0x000000fd73000000) (1024K)]
  0x000002e84532fc20 WorkerThread "GC Thread#2"                     [id=26872, stack(0x000000fd73000000,0x000000fd73100000) (1024K)]
  0x000002e845017c10 WorkerThread "GC Thread#3"                     [id=7628, stack(0x000000fd73100000,0x000000fd73200000) (1024K)]
  0x000002e8453372e0 WorkerThread "GC Thread#4"                     [id=3140, stack(0x000000fd73200000,0x000000fd73300000) (1024K)]
  0x000002e845337690 WorkerThread "GC Thread#5"                     [id=1248, stack(0x000000fd73300000,0x000000fd73400000) (1024K)]
  0x000002e845337a40 WorkerThread "GC Thread#6"                     [id=22072, stack(0x000000fd73400000,0x000000fd73500000) (1024K)]
  0x000002e8453ea340 WorkerThread "GC Thread#7"                     [id=22664, stack(0x000000fd73800000,0x000000fd73900000) (1024K)]
  0x000002e845af7ee0 WorkerThread "GC Thread#8"                     [id=18336, stack(0x000000fd73b00000,0x000000fd73c00000) (1024K)]
  0x000002e845af8770 WorkerThread "GC Thread#9"                     [id=30588, stack(0x000000fd73c00000,0x000000fd73d00000) (1024K)]
Total: 12

Threads with active compile tasks:
C2 CompilerThread0  10463 3183       4       java.lang.invoke.MethodType::makeImpl (109 bytes)
C1 CompilerThread0  10463 3254       3       com.google.gson.reflect.TypeToken::<init> (41 bytes)
Total: 2

VM state: not at safepoint (normal execution)

VM Mutex/Monitor currently owned by a thread: None

Heap address: 0x0000000080000000, size: 2048 MB, Compressed Oops mode: 32-bit

CDS archive(s) mapped at: [0x000002e800000000-0x000002e800ba0000-0x000002e800ba0000), size 12189696, SharedBaseAddress: 0x000002e800000000, ArchiveRelocationMode: 1.
Compressed class space mapped at: 0x000002e801000000-0x000002e841000000, reserved size: 1073741824
Narrow klass base: 0x000002e800000000, Narrow klass shift: 0, Narrow klass range: 0x100000000

GC Precious Log:
 CardTable entry size: 512
 CPUs: 12 total, 12 available
 Memory: 7916M
 Large Page Support: Disabled
 NUMA Support: Disabled
 Compressed Oops: Enabled (32-bit)
 Alignments: Space 512K, Generation 512K, Heap 2M
 Heap Min Capacity: 100M
 Heap Initial Capacity: 100M
 Heap Max Capacity: 2G
 Pre-touch: Disabled
 Parallel Workers: 10

Heap:
 PSYoungGen      total 27136K, used 3357K [0x00000000d5580000, 0x00000000d7480000, 0x0000000100000000)
  eden space 23552K, 0% used [0x00000000d5580000,0x00000000d55b55b8,0x00000000d6c80000)
  from space 3584K, 87% used [0x00000000d7100000,0x00000000d7412098,0x00000000d7480000)
  to   space 3584K, 0% used [0x00000000d6d80000,0x00000000d6d80000,0x00000000d7100000)
 ParOldGen       total 68608K, used 10074K [0x0000000080000000, 0x0000000084300000, 0x00000000d5580000)
  object space 68608K, 14% used [0x0000000080000000,0x00000000809d6910,0x0000000084300000)
 Metaspace       used 28122K, committed 28864K, reserved 1114112K
  class space    used 2835K, committed 3136K, reserved 1048576K

Card table byte_map: [0x000002e861d40000,0x000002e862150000] _byte_map_base: 0x000002e861940000

Marking Bits: (ParMarkBitMap*) 0x00007ffbba9c4460
 Begin Bits: [0x000002e874850000, 0x000002e876850000)
 End Bits:   [0x000002e876850000, 0x000002e878850000)

Polling page: 0x000002e8601b0000

Metaspace:

Usage:
  Non-class:     24.69 MB used.
      Class:      2.77 MB used.
       Both:     27.46 MB used.

Virtual space:
  Non-class space:       64.00 MB reserved,      25.12 MB ( 39%) committed,  1 nodes.
      Class space:        1.00 GB reserved,       3.06 MB ( <1%) committed,  1 nodes.
             Both:        1.06 GB reserved,      28.19 MB (  3%) committed. 

Chunk freelists:
   Non-Class:  6.72 MB
       Class:  12.98 MB
        Both:  19.70 MB

MaxMetaspaceSize: unlimited
CompressedClassSpaceSize: 1.00 GB
Initial GC threshold: 21.00 MB
Current GC threshold: 35.00 MB
CDS: on
 - commit_granule_bytes: 65536.
 - commit_granule_words: 8192.
 - virtual_space_node_default_size: 8388608.
 - enlarge_chunks_in_place: 1.
 - use_allocation_guard: 0.


Internal statistics:

num_allocs_failed_limit: 3.
num_arena_births: 524.
num_arena_deaths: 14.
num_vsnodes_births: 2.
num_vsnodes_deaths: 0.
num_space_committed: 451.
num_space_uncommitted: 0.
num_chunks_returned_to_freelist: 17.
num_chunks_taken_from_freelist: 1569.
num_chunk_merges: 9.
num_chunk_splits: 1040.
num_chunks_enlarged: 675.
num_inconsistent_stats: 0.

CodeHeap 'non-profiled nmethods': size=120000Kb used=1374Kb max_used=1374Kb free=118625Kb
 bounds [0x000002e86d070000, 0x000002e86d2e0000, 0x000002e8745a0000]
CodeHeap 'profiled nmethods': size=120000Kb used=6427Kb max_used=6427Kb free=113572Kb
 bounds [0x000002e8655a0000, 0x000002e865bf0000, 0x000002e86cad0000]
CodeHeap 'non-nmethods': size=5760Kb used=1334Kb max_used=1348Kb free=4425Kb
 bounds [0x000002e86cad0000, 0x000002e86cd40000, 0x000002e86d070000]
CodeCache: size=245760Kb, used=9135Kb, max_used=9149Kb, free=236622Kb
 total_blobs=3867, nmethods=3245, adapters=528, full_count=0
Compilation: enabled, stopped_count=0, restarted_count=0

Compilation events (20 events):
Event: 9.381 Thread 0x000002e87a114d60 3220       3       java.lang.invoke.DirectMethodHandle$Holder::invokeSpecial (14 bytes)
Event: 9.382 Thread 0x000002e87a114d60 nmethod 3220 0x000002e865bcd010 code [0x000002e865bcd1e0, 0x000002e865bcd680]
Event: 9.383 Thread 0x000002e87a114d60 3221       1       com.google.gson.reflect.TypeToken::getType (5 bytes)
Event: 9.383 Thread 0x000002e87a114d60 nmethod 3221 0x000002e86d1c7290 code [0x000002e86d1c7420, 0x000002e86d1c74e8]
Event: 9.384 Thread 0x000002e87a114d60 3222       3       java.lang.Integer::hashCode (8 bytes)
Event: 9.385 Thread 0x000002e87a114d60 nmethod 3222 0x000002e865bcd790 code [0x000002e865bcd940, 0x000002e865bcdaa8]
Event: 9.385 Thread 0x000002e87a114d60 3223       3       java.lang.Integer::hashCode (2 bytes)
Event: 9.385 Thread 0x000002e87a114d60 nmethod 3223 0x000002e865bcdb90 code [0x000002e865bcdd20, 0x000002e865bcde10]
Event: 9.385 Thread 0x000002e87a114d60 3225       3       com.google.gson.internal.bind.TypeAdapters$30::create (20 bytes)
Event: 9.385 Thread 0x000002e87a114d60 nmethod 3225 0x000002e865bcde90 code [0x000002e865bce040, 0x000002e865bce1e8]
Event: 9.385 Thread 0x000002e87a114d60 3224       1       com.google.gson.reflect.TypeToken::hashCode (5 bytes)
Event: 9.385 Thread 0x000002e87a114d60 nmethod 3224 0x000002e86d1c7590 code [0x000002e86d1c7720, 0x000002e86d1c77e8]
Event: 9.386 Thread 0x000002e87a114d60 3226       3       java.lang.Class::isLocalOrAnonymousClass (5 bytes)
Event: 9.386 Thread 0x000002e87a114d60 nmethod 3226 0x000002e865bce290 code [0x000002e865bce460, 0x000002e865bce660]
Event: 9.386 Thread 0x000002e87a114d60 3227       3       java.lang.Class::hasEnclosingMethodInfo (17 bytes)
Event: 9.386 Thread 0x000002e87a114d60 nmethod 3227 0x000002e865bce790 code [0x000002e865bce960, 0x000002e865bceb20]
Event: 9.386 Thread 0x000002e87a114d60 3228       3       java.lang.Class$ReflectionData::<init> (10 bytes)
Event: 9.386 Thread 0x000002e87a114d60 nmethod 3228 0x000002e865bcec10 code [0x000002e865bcedc0, 0x000002e865bcef28]
Event: 9.386 Thread 0x000002e87a114d60 3229       3       java.lang.Class$Atomic::casReflectionData (13 bytes)
Event: 9.386 Thread 0x000002e87a114d60 nmethod 3229 0x000002e865bcf010 code [0x000002e865bcf1a0, 0x000002e865bcf2c0]

GC Heap History (16 events):
Event: 1.360 GC heap before
{Heap before GC invocations=1 (full 0):
 PSYoungGen      total 29696K, used 25600K [0x00000000d5580000, 0x00000000d7680000, 0x0000000100000000)
  eden space 25600K, 100% used [0x00000000d5580000,0x00000000d6e80000,0x00000000d6e80000)
  from space 4096K, 0% used [0x00000000d7280000,0x00000000d7280000,0x00000000d7680000)
  to   space 4096K, 0% used [0x00000000d6e80000,0x00000000d6e80000,0x00000000d7280000)
 ParOldGen       total 68608K, used 0K [0x0000000080000000, 0x0000000084300000, 0x00000000d5580000)
  object space 68608K, 0% used [0x0000000080000000,0x0000000080000000,0x0000000084300000)
 Metaspace       used 4361K, committed 4608K, reserved 1114112K
  class space    used 475K, committed 576K, reserved 1048576K
}
Event: 1.370 GC heap after
{Heap after GC invocations=1 (full 0):
 PSYoungGen      total 29696K, used 3312K [0x00000000d5580000, 0x00000000d7680000, 0x0000000100000000)
  eden space 25600K, 0% used [0x00000000d5580000,0x00000000d5580000,0x00000000d6e80000)
  from space 4096K, 80% used [0x00000000d6e80000,0x00000000d71bc148,0x00000000d7280000)
  to   space 4096K, 0% used [0x00000000d7280000,0x00000000d7280000,0x00000000d7680000)
 ParOldGen       total 68608K, used 16K [0x0000000080000000, 0x0000000084300000, 0x00000000d5580000)
  object space 68608K, 0% used [0x0000000080000000,0x0000000080004000,0x0000000084300000)
 Metaspace       used 4361K, committed 4608K, reserved 1114112K
  class space    used 475K, committed 576K, reserved 1048576K
}
Event: 2.820 GC heap before
{Heap before GC invocations=2 (full 0):
 PSYoungGen      total 29696K, used 28912K [0x00000000d5580000, 0x00000000d7680000, 0x0000000100000000)
  eden space 25600K, 100% used [0x00000000d5580000,0x00000000d6e80000,0x00000000d6e80000)
  from space 4096K, 80% used [0x00000000d6e80000,0x00000000d71bc148,0x00000000d7280000)
  to   space 4096K, 0% used [0x00000000d7280000,0x00000000d7280000,0x00000000d7680000)
 ParOldGen       total 68608K, used 16K [0x0000000080000000, 0x0000000084300000, 0x00000000d5580000)
  object space 68608K, 0% used [0x0000000080000000,0x0000000080004000,0x0000000084300000)
 Metaspace       used 8179K, committed 8448K, reserved 1114112K
  class space    used 868K, committed 960K, reserved 1048576K
}
Event: 2.826 GC heap after
{Heap after GC invocations=2 (full 0):
 PSYoungGen      total 29696K, used 4076K [0x00000000d5580000, 0x00000000d7680000, 0x0000000100000000)
  eden space 25600K, 0% used [0x00000000d5580000,0x00000000d5580000,0x00000000d6e80000)
  from space 4096K, 99% used [0x00000000d7280000,0x00000000d767b010,0x00000000d7680000)
  to   space 4096K, 0% used [0x00000000d6e80000,0x00000000d6e80000,0x00000000d7280000)
 ParOldGen       total 68608K, used 1065K [0x0000000080000000, 0x0000000084300000, 0x00000000d5580000)
  object space 68608K, 1% used [0x0000000080000000,0x000000008010a6a8,0x0000000084300000)
 Metaspace       used 8179K, committed 8448K, reserved 1114112K
  class space    used 868K, committed 960K, reserved 1048576K
}
Event: 3.655 GC heap before
{Heap before GC invocations=3 (full 0):
 PSYoungGen      total 29696K, used 29676K [0x00000000d5580000, 0x00000000d7680000, 0x0000000100000000)
  eden space 25600K, 100% used [0x00000000d5580000,0x00000000d6e80000,0x00000000d6e80000)
  from space 4096K, 99% used [0x00000000d7280000,0x00000000d767b010,0x00000000d7680000)
  to   space 4096K, 0% used [0x00000000d6e80000,0x00000000d6e80000,0x00000000d7280000)
 ParOldGen       total 68608K, used 1065K [0x0000000080000000, 0x0000000084300000, 0x00000000d5580000)
  object space 68608K, 1% used [0x0000000080000000,0x000000008010a6a8,0x0000000084300000)
 Metaspace       used 12960K, committed 13504K, reserved 1114112K
  class space    used 1371K, committed 1600K, reserved 1048576K
}
Event: 3.659 GC heap after
{Heap after GC invocations=3 (full 0):
 PSYoungGen      total 29696K, used 4066K [0x00000000d5580000, 0x00000000d7680000, 0x0000000100000000)
  eden space 25600K, 0% used [0x00000000d5580000,0x00000000d5580000,0x00000000d6e80000)
  from space 4096K, 99% used [0x00000000d6e80000,0x00000000d7278bc8,0x00000000d7280000)
  to   space 4096K, 0% used [0x00000000d7280000,0x00000000d7280000,0x00000000d7680000)
 ParOldGen       total 68608K, used 2790K [0x0000000080000000, 0x0000000084300000, 0x00000000d5580000)
  object space 68608K, 4% used [0x0000000080000000,0x00000000802b9958,0x0000000084300000)
 Metaspace       used 12960K, committed 13504K, reserved 1114112K
  class space    used 1371K, committed 1600K, reserved 1048576K
}
Event: 4.307 GC heap before
{Heap before GC invocations=4 (full 0):
 PSYoungGen      total 29696K, used 29666K [0x00000000d5580000, 0x00000000d7680000, 0x0000000100000000)
  eden space 25600K, 100% used [0x00000000d5580000,0x00000000d6e80000,0x00000000d6e80000)
  from space 4096K, 99% used [0x00000000d6e80000,0x00000000d7278bc8,0x00000000d7280000)
  to   space 4096K, 0% used [0x00000000d7280000,0x00000000d7280000,0x00000000d7680000)
 ParOldGen       total 68608K, used 2790K [0x0000000080000000, 0x0000000084300000, 0x00000000d5580000)
  object space 68608K, 4% used [0x0000000080000000,0x00000000802b9958,0x0000000084300000)
 Metaspace       used 16269K, committed 16960K, reserved 1114112K
  class space    used 1693K, committed 1984K, reserved 1048576K
}
Event: 4.312 GC heap after
{Heap after GC invocations=4 (full 0):
 PSYoungGen      total 29696K, used 4087K [0x00000000d5580000, 0x00000000d7680000, 0x0000000100000000)
  eden space 25600K, 0% used [0x00000000d5580000,0x00000000d5580000,0x00000000d6e80000)
  from space 4096K, 99% used [0x00000000d7280000,0x00000000d767dd90,0x00000000d7680000)
  to   space 4096K, 0% used [0x00000000d6e80000,0x00000000d6e80000,0x00000000d7280000)
 ParOldGen       total 68608K, used 5161K [0x0000000080000000, 0x0000000084300000, 0x00000000d5580000)
  object space 68608K, 7% used [0x0000000080000000,0x000000008050a7f8,0x0000000084300000)
 Metaspace       used 16269K, committed 16960K, reserved 1114112K
  class space    used 1693K, committed 1984K, reserved 1048576K
}
Event: 4.809 GC heap before
{Heap before GC invocations=5 (full 0):
 PSYoungGen      total 29696K, used 29687K [0x00000000d5580000, 0x00000000d7680000, 0x0000000100000000)
  eden space 25600K, 100% used [0x00000000d5580000,0x00000000d6e80000,0x00000000d6e80000)
  from space 4096K, 99% used [0x00000000d7280000,0x00000000d767dd90,0x00000000d7680000)
  to   space 4096K, 0% used [0x00000000d6e80000,0x00000000d6e80000,0x00000000d7280000)
 ParOldGen       total 68608K, used 5161K [0x0000000080000000, 0x0000000084300000, 0x00000000d5580000)
  object space 68608K, 7% used [0x0000000080000000,0x000000008050a7f8,0x0000000084300000)
 Metaspace       used 20176K, committed 20800K, reserved 1114112K
  class space    used 1977K, committed 2240K, reserved 1048576K
}
Event: 4.812 GC heap after
{Heap after GC invocations=5 (full 0):
 PSYoungGen      total 29184K, used 4089K [0x00000000d5580000, 0x00000000d7a00000, 0x0000000100000000)
  eden space 25088K, 0% used [0x00000000d5580000,0x00000000d5580000,0x00000000d6e00000)
  from space 4096K, 99% used [0x00000000d6e80000,0x00000000d727e5c0,0x00000000d7280000)
  to   space 6144K, 0% used [0x00000000d7400000,0x00000000d7400000,0x00000000d7a00000)
 ParOldGen       total 68608K, used 6314K [0x0000000080000000, 0x0000000084300000, 0x00000000d5580000)
  object space 68608K, 9% used [0x0000000080000000,0x000000008062a878,0x0000000084300000)
 Metaspace       used 20176K, committed 20800K, reserved 1114112K
  class space    used 1977K, committed 2240K, reserved 1048576K
}
Event: 4.968 GC heap before
{Heap before GC invocations=6 (full 0):
 PSYoungGen      total 29184K, used 19293K [0x00000000d5580000, 0x00000000d7a00000, 0x0000000100000000)
  eden space 25088K, 60% used [0x00000000d5580000,0x00000000d6459000,0x00000000d6e00000)
  from space 4096K, 99% used [0x00000000d6e80000,0x00000000d727e5c0,0x00000000d7280000)
  to   space 6144K, 0% used [0x00000000d7400000,0x00000000d7400000,0x00000000d7a00000)
 ParOldGen       total 68608K, used 6314K [0x0000000080000000, 0x0000000084300000, 0x00000000d5580000)
  object space 68608K, 9% used [0x0000000080000000,0x000000008062a878,0x0000000084300000)
 Metaspace       used 20870K, committed 21504K, reserved 1114112K
  class space    used 2016K, committed 2304K, reserved 1048576K
}
Event: 4.973 GC heap after
{Heap after GC invocations=6 (full 0):
 PSYoungGen      total 30720K, used 6096K [0x00000000d5580000, 0x00000000d7b00000, 0x0000000100000000)
  eden space 24576K, 0% used [0x00000000d5580000,0x00000000d5580000,0x00000000d6d80000)
  from space 6144K, 99% used [0x00000000d7400000,0x00000000d79f4238,0x00000000d7a00000)
  to   space 6656K, 0% used [0x00000000d6d80000,0x00000000d6d80000,0x00000000d7400000)
 ParOldGen       total 68608K, used 6314K [0x0000000080000000, 0x0000000084300000, 0x00000000d5580000)
  object space 68608K, 9% used [0x0000000080000000,0x000000008062a878,0x0000000084300000)
 Metaspace       used 20870K, committed 21504K, reserved 1114112K
  class space    used 2016K, committed 2304K, reserved 1048576K
}
Event: 4.973 GC heap before
{Heap before GC invocations=7 (full 1):
 PSYoungGen      total 30720K, used 6096K [0x00000000d5580000, 0x00000000d7b00000, 0x0000000100000000)
  eden space 24576K, 0% used [0x00000000d5580000,0x00000000d5580000,0x00000000d6d80000)
  from space 6144K, 99% used [0x00000000d7400000,0x00000000d79f4238,0x00000000d7a00000)
  to   space 6656K, 0% used [0x00000000d6d80000,0x00000000d6d80000,0x00000000d7400000)
 ParOldGen       total 68608K, used 6314K [0x0000000080000000, 0x0000000084300000, 0x00000000d5580000)
  object space 68608K, 9% used [0x0000000080000000,0x000000008062a878,0x0000000084300000)
 Metaspace       used 20870K, committed 21504K, reserved 1114112K
  class space    used 2016K, committed 2304K, reserved 1048576K
}
Event: 5.001 GC heap after
{Heap after GC invocations=7 (full 1):
 PSYoungGen      total 30720K, used 0K [0x00000000d5580000, 0x00000000d7b00000, 0x0000000100000000)
  eden space 24576K, 0% used [0x00000000d5580000,0x00000000d5580000,0x00000000d6d80000)
  from space 6144K, 0% used [0x00000000d7400000,0x00000000d7400000,0x00000000d7a00000)
  to   space 6656K, 0% used [0x00000000d6d80000,0x00000000d6d80000,0x00000000d7400000)
 ParOldGen       total 68608K, used 10058K [0x0000000080000000, 0x0000000084300000, 0x00000000d5580000)
  object space 68608K, 14% used [0x0000000080000000,0x00000000809d2910,0x0000000084300000)
 Metaspace       used 20857K, committed 21504K, reserved 1114112K
  class space    used 2012K, committed 2304K, reserved 1048576K
}
Event: 7.780 GC heap before
{Heap before GC invocations=8 (full 1):
 PSYoungGen      total 30720K, used 24576K [0x00000000d5580000, 0x00000000d7b00000, 0x0000000100000000)
  eden space 24576K, 100% used [0x00000000d5580000,0x00000000d6d80000,0x00000000d6d80000)
  from space 6144K, 0% used [0x00000000d7400000,0x00000000d7400000,0x00000000d7a00000)
  to   space 6656K, 0% used [0x00000000d6d80000,0x00000000d6d80000,0x00000000d7400000)
 ParOldGen       total 68608K, used 10058K [0x0000000080000000, 0x0000000084300000, 0x00000000d5580000)
  object space 68608K, 14% used [0x0000000080000000,0x00000000809d2910,0x0000000084300000)
 Metaspace       used 24563K, committed 25280K, reserved 1114112K
  class space    used 2404K, committed 2752K, reserved 1048576K
}
Event: 7.783 GC heap after
{Heap after GC invocations=8 (full 1):
 PSYoungGen      total 26624K, used 2063K [0x00000000d5580000, 0x00000000d7480000, 0x0000000100000000)
  eden space 24064K, 0% used [0x00000000d5580000,0x00000000d5580000,0x00000000d6d00000)
  from space 2560K, 80% used [0x00000000d6d80000,0x00000000d6f83d78,0x00000000d7000000)
  to   space 3584K, 0% used [0x00000000d7100000,0x00000000d7100000,0x00000000d7480000)
 ParOldGen       total 68608K, used 10066K [0x0000000080000000, 0x0000000084300000, 0x00000000d5580000)
  object space 68608K, 14% used [0x0000000080000000,0x00000000809d4910,0x0000000084300000)
 Metaspace       used 24563K, committed 25280K, reserved 1114112K
  class space    used 2404K, committed 2752K, reserved 1048576K
}

Dll operation events (12 events):
Event: 0.074 Loaded shared library c:\Users\style\.vscode\extensions\redhat.java-1.55.0-win32-x64\jre\21.0.11-win32-x86_64\bin\java.dll
Event: 0.148 Loaded shared library c:\Users\style\.vscode\extensions\redhat.java-1.55.0-win32-x64\jre\21.0.11-win32-x86_64\bin\zip.dll
Event: 0.189 Loaded shared library C:\Users\style\.vscode\extensions\redhat.java-1.55.0-win32-x64\jre\21.0.11-win32-x86_64\bin\instrument.dll
Event: 0.199 Loaded shared library C:\Users\style\.vscode\extensions\redhat.java-1.55.0-win32-x64\jre\21.0.11-win32-x86_64\bin\net.dll
Event: 0.201 Loaded shared library C:\Users\style\.vscode\extensions\redhat.java-1.55.0-win32-x64\jre\21.0.11-win32-x86_64\bin\nio.dll
Event: 0.204 Loaded shared library C:\Users\style\.vscode\extensions\redhat.java-1.55.0-win32-x64\jre\21.0.11-win32-x86_64\bin\zip.dll
Event: 0.259 Loaded shared library C:\Users\style\.vscode\extensions\redhat.java-1.55.0-win32-x64\jre\21.0.11-win32-x86_64\bin\jimage.dll
Event: 0.424 Loaded shared library c:\Users\style\.vscode\extensions\redhat.java-1.55.0-win32-x64\jre\21.0.11-win32-x86_64\bin\verify.dll
Event: 2.811 Loaded shared library C:\Users\style\AppData\Roaming\Code\User\globalStorage\redhat.java\1.55.0\config_ss_win\org.eclipse.equinox.launcher\org.eclipse.equinox.launcher.win32.win32.x86_64_1.3.100.v20260613-0559\eclipse_11924.dll
Event: 3.735 Loaded shared library C:\Users\style\.vscode\extensions\redhat.java-1.55.0-win32-x64\jre\21.0.11-win32-x86_64\bin\management.dll
Event: 3.757 Loaded shared library C:\Users\style\.vscode\extensions\redhat.java-1.55.0-win32-x64\jre\21.0.11-win32-x86_64\bin\management_ext.dll
Event: 7.696 Loaded shared library C:\Users\style\AppData\Local\Temp\jna-109780401\jna2939030249301884830.dll

Deoptimization events (20 events):
Event: 8.260 Thread 0x000002e8623b2020 Uncommon trap: trap_request=0xffffffde fr.pc=0x000002e86d1aa6f0 relative=0x0000000000000050
Event: 8.260 Thread 0x000002e8623b2020 Uncommon trap: reason=class_check action=maybe_recompile pc=0x000002e86d1aa6f0 method=java.lang.invoke.DirectMethodHandle.internalMemberName(Ljava/lang/Object;)Ljava/lang/Object; @ 1 c2
Event: 8.260 Thread 0x000002e8623b2020 DEOPT PACKING pc=0x000002e86d1aa6f0 sp=0x000000fd721fe090
Event: 8.260 Thread 0x000002e8623b2020 DEOPT UNPACKING pc=0x000002e86cb23aa2 sp=0x000000fd721fe020 mode 2
Event: 8.260 Thread 0x000002e8623b2020 Uncommon trap: trap_request=0xffffffde fr.pc=0x000002e86d1aa6f0 relative=0x0000000000000050
Event: 8.260 Thread 0x000002e8623b2020 Uncommon trap: reason=class_check action=maybe_recompile pc=0x000002e86d1aa6f0 method=java.lang.invoke.DirectMethodHandle.internalMemberName(Ljava/lang/Object;)Ljava/lang/Object; @ 1 c2
Event: 8.260 Thread 0x000002e8623b2020 DEOPT PACKING pc=0x000002e86d1aa6f0 sp=0x000000fd721fe090
Event: 8.260 Thread 0x000002e8623b2020 DEOPT UNPACKING pc=0x000002e86cb23aa2 sp=0x000000fd721fe020 mode 2
Event: 9.287 Thread 0x000002e8623b2020 Uncommon trap: trap_request=0xffffff45 fr.pc=0x000002e86d114650 relative=0x0000000000000890
Event: 9.287 Thread 0x000002e8623b2020 Uncommon trap: reason=unstable_if action=reinterpret pc=0x000002e86d114650 method=jdk.internal.org.objectweb.asm.SymbolTable.put(Ljdk/internal/org/objectweb/asm/SymbolTable$Entry;)Ljdk/internal/org/objectweb/asm/SymbolTable$Entry; @ 13 c2
Event: 9.287 Thread 0x000002e8623b2020 DEOPT PACKING pc=0x000002e86d114650 sp=0x000000fd721fdf80
Event: 9.287 Thread 0x000002e8623b2020 DEOPT UNPACKING pc=0x000002e86cb23aa2 sp=0x000000fd721fde98 mode 2
Event: 9.303 Thread 0x000002e8623b2020 Uncommon trap: trap_request=0xffffff45 fr.pc=0x000002e86d0aae48 relative=0x00000000000000a8
Event: 9.303 Thread 0x000002e8623b2020 Uncommon trap: reason=unstable_if action=reinterpret pc=0x000002e86d0aae48 method=java.lang.CharacterDataLatin1.digit(II)I @ 7 c2
Event: 9.303 Thread 0x000002e8623b2020 DEOPT PACKING pc=0x000002e86d0aae48 sp=0x000000fd721fe1a0
Event: 9.303 Thread 0x000002e8623b2020 DEOPT UNPACKING pc=0x000002e86cb23aa2 sp=0x000000fd721fe120 mode 2
Event: 9.303 Thread 0x000002e8623b2020 Uncommon trap: trap_request=0xffffff3d fr.pc=0x000002e86d124378 relative=0x00000000000001d8
Event: 9.303 Thread 0x000002e8623b2020 Uncommon trap: reason=unstable_fused_if action=reinterpret pc=0x000002e86d124378 method=java.lang.CharacterDataLatin1.equalsIgnoreCase(BB)Z @ 16 c2
Event: 9.303 Thread 0x000002e8623b2020 DEOPT PACKING pc=0x000002e86d124378 sp=0x000000fd721fe330
Event: 9.303 Thread 0x000002e8623b2020 DEOPT UNPACKING pc=0x000002e86cb23aa2 sp=0x000000fd721fe238 mode 2

Classes loaded (20 events):
Event: 8.167 Loading class java/util/Currency
Event: 8.168 Loading class java/util/Currency done
Event: 8.177 Loading class java/text/ParseException
Event: 8.177 Loading class java/text/ParseException done
Event: 8.187 Loading class java/util/concurrent/atomic/AtomicLongArray
Event: 8.188 Loading class java/util/concurrent/atomic/AtomicLongArray done
Event: 9.300 Loading class sun/nio/ch/PendingFuture
Event: 9.300 Loading class sun/nio/ch/PendingFuture done
Event: 9.300 Loading class sun/nio/ch/WindowsAsynchronousFileChannelImpl$ReadTask
Event: 9.301 Loading class sun/nio/ch/Iocp$ResultHandler
Event: 9.301 Loading class sun/nio/ch/Iocp$ResultHandler done
Event: 9.301 Loading class sun/nio/ch/WindowsAsynchronousFileChannelImpl$ReadTask done
Event: 9.301 Loading class java/text/ParsePosition
Event: 9.301 Loading class java/text/ParsePosition done
Event: 9.301 Loading class java/text/CalendarBuilder
Event: 9.303 Loading class java/text/CalendarBuilder done
Event: 9.372 Loading class sun/reflect/generics/repository/FieldRepository
Event: 9.372 Loading class sun/reflect/generics/repository/FieldRepository done
Event: 9.382 Loading class jdk/internal/reflect/MethodHandleIntegerFieldAccessorImpl
Event: 9.383 Loading class jdk/internal/reflect/MethodHandleIntegerFieldAccessorImpl done

Classes unloaded (7 events):
Event: 4.979 Thread 0x000002e86244a940 Unloading class 0x000002e801191400 'java/lang/invoke/LambdaForm$MH+0x000002e801191400'
Event: 4.979 Thread 0x000002e86244a940 Unloading class 0x000002e801191000 'java/lang/invoke/LambdaForm$MH+0x000002e801191000'
Event: 4.979 Thread 0x000002e86244a940 Unloading class 0x000002e801190c00 'java/lang/invoke/LambdaForm$MH+0x000002e801190c00'
Event: 4.979 Thread 0x000002e86244a940 Unloading class 0x000002e801190800 'java/lang/invoke/LambdaForm$MH+0x000002e801190800'
Event: 4.979 Thread 0x000002e86244a940 Unloading class 0x000002e801190400 'java/lang/invoke/LambdaForm$BMH+0x000002e801190400'
Event: 4.979 Thread 0x000002e86244a940 Unloading class 0x000002e801190000 'java/lang/invoke/LambdaForm$DMH+0x000002e801190000'
Event: 4.979 Thread 0x000002e86244a940 Unloading class 0x000002e80118ec00 'java/lang/invoke/LambdaForm$DMH+0x000002e80118ec00'

Classes redefined (0 events):
No events

Internal exceptions (20 events):
Event: 7.753 Thread 0x000002e84561c740 Exception <a 'java/lang/UnsatisfiedLinkError'{0x00000000d6cb35d0}: No se encontrĂł el proceso especificado.
> (0x00000000d6cb35d0) 
thrown [s\src\hotspot\share\prims\jni.cpp, line 539]
Event: 7.759 Thread 0x000002e84561c740 Exception <a 'java/io/FileNotFoundException'{0x00000000d6cd9310}> (0x00000000d6cd9310) 
thrown [s\src\hotspot\share\prims\jni.cpp, line 520]
Event: 7.775 Thread 0x000002e84561c740 Exception <a 'java/io/FileNotFoundException'{0x00000000d6d52f40}> (0x00000000d6d52f40) 
thrown [s\src\hotspot\share\prims\jni.cpp, line 520]
Event: 7.791 Thread 0x000002e84561c740 Exception <a 'java/lang/NoSuchMethodError'{0x00000000d55f0af0}: 'void java.lang.invoke.DirectMethodHandle$Holder.invokeSpecial(java.lang.Object, java.lang.Object, java.lang.Object, int)'> (0x00000000d55f0af0) 
thrown [s\src\hotspot\share\interpreter\linkResolver.cpp, line 773]
Event: 7.792 Thread 0x000002e84561c740 Exception <a 'java/lang/NoSuchMethodError'{0x00000000d55f41d0}: 'void java.lang.invoke.DelegatingMethodHandle$Holder.reinvoke_L(java.lang.Object, java.lang.Object, int)'> (0x00000000d55f41d0) 
thrown [s\src\hotspot\share\interpreter\linkResolver.cpp, line 773]
Event: 7.792 Thread 0x000002e84561c740 Exception <a 'java/lang/NoSuchMethodError'{0x00000000d55fac08}: 'int java.lang.invoke.Invokers$Holder.invokeExact_MT(java.lang.Object, java.lang.Object, java.lang.Object)'> (0x00000000d55fac08) 
thrown [s\src\hotspot\share\interpreter\linkResolver.cpp, line 773]
Event: 7.795 Thread 0x000002e84561c740 Exception <a 'java/lang/UnsatisfiedLinkError'{0x00000000d560e820}: No se encontrĂł el proceso especificado.
> (0x00000000d560e820) 
thrown [s\src\hotspot\share\prims\jni.cpp, line 539]
Event: 7.802 Thread 0x000002e84561c740 Exception <a 'java/lang/NoSuchMethodError'{0x00000000d5630db0}: 'void java.lang.invoke.Invokers$Holder.invokeExact_MT(java.lang.Object, java.lang.Object, int, java.lang.Object)'> (0x00000000d5630db0) 
thrown [s\src\hotspot\share\interpreter\linkResolver.cpp, line 773]
Event: 7.850 Thread 0x000002e8623b2020 Exception <a 'java/lang/NoSuchMethodError'{0x00000000d5a23390}: 'java.lang.Object java.lang.invoke.DirectMethodHandle$Holder.invokeStatic(java.lang.Object, long, java.lang.Object)'> (0x00000000d5a23390) 
thrown [s\src\hotspot\share\interpreter\linkResolver.cpp, line 773]
Event: 7.851 Thread 0x000002e8623b2020 Exception <a 'java/lang/NoSuchMethodError'{0x00000000d5a26a28}: 'java.lang.Object java.lang.invoke.DirectMethodHandle$Holder.invokeStaticInit(java.lang.Object, long, java.lang.Object)'> (0x00000000d5a26a28) 
thrown [s\src\hotspot\share\interpreter\linkResolver.cpp, line 773]
Event: 7.851 Thread 0x000002e8623b2020 Exception <a 'java/lang/NoSuchMethodError'{0x00000000d5a2c738}: 'java.lang.Object java.lang.invoke.DirectMethodHandle$Holder.newInvokeSpecial(java.lang.Object, long)'> (0x00000000d5a2c738) 
thrown [s\src\hotspot\share\interpreter\linkResolver.cpp, line 773]
Event: 7.889 Thread 0x000002e845b63790 Exception <a 'java/io/FileNotFoundException'{0x00000000d5d45240}> (0x00000000d5d45240) 
thrown [s\src\hotspot\share\prims\jni.cpp, line 520]
Event: 7.890 Thread 0x000002e845b63790 Exception <a 'java/io/FileNotFoundException'{0x00000000d5d46828}> (0x00000000d5d46828) 
thrown [s\src\hotspot\share\prims\jni.cpp, line 520]
Event: 7.894 Thread 0x000002e845b63790 Exception <a 'java/lang/NoSuchMethodError'{0x00000000d5d547d0}: 'java.lang.Object java.lang.invoke.DirectMethodHandle$Holder.newInvokeSpecial(java.lang.Object, java.lang.Object, java.lang.Object, int)'> (0x00000000d5d547d0) 
thrown [s\src\hotspot\share\interpreter\linkResolver.cpp, line 773]
Event: 7.895 Thread 0x000002e845b63790 Exception <a 'java/lang/NoSuchMethodError'{0x00000000d5d586a0}: 'java.lang.Object java.lang.invoke.DirectMethodHandle$Holder.invokeSpecial(java.lang.Object, java.lang.Object, java.lang.Object, java.lang.Object, int)'> (0x00000000d5d586a0) 
thrown [s\src\hotspot\share\interpreter\linkResolver.cpp, line 773]
Event: 7.895 Thread 0x000002e845b63790 Exception <a 'java/lang/NoSuchMethodError'{0x00000000d5d5bb48}: 'java.lang.Object java.lang.invoke.Invokers$Holder.linkToTargetMethod(java.lang.Object, java.lang.Object, int, java.lang.Object)'> (0x00000000d5d5bb48) 
thrown [s\src\hotspot\share\interpreter\linkResolver.cpp, line 773]
Event: 7.897 Thread 0x000002e845b63790 Exception <a 'java/lang/NoSuchMethodError'{0x00000000d5d67690}: 'void java.lang.invoke.DirectMethodHandle$Holder.invokeStaticInit(java.lang.Object, java.lang.Object, java.lang.Object)'> (0x00000000d5d67690) 
thrown [s\src\hotspot\share\interpreter\linkResolver.cpp, line 773]
Event: 8.255 Thread 0x000002e8623b2020 Exception <a 'java/lang/NoSuchMethodError'{0x00000000d6871a48}: 'void java.lang.invoke.DirectMethodHandle$Holder.invokeSpecial(java.lang.Object, java.lang.Object, java.lang.Object, java.lang.Object, java.lang.Object, java.lang.Object)'> (0x00000000d6871a48) 
thrown [s\src\hotspot\share\interpreter\linkResolver.cpp, line 773]
Event: 8.258 Thread 0x000002e8623b2020 Exception <a 'java/lang/IncompatibleClassChangeError'{0x00000000d68792d8}: Found class java.lang.Object, but interface was expected> (0x00000000d68792d8) 
thrown [s\src\hotspot\share\interpreter\linkResolver.cpp, line 840]
Event: 8.259 Thread 0x000002e8623b2020 Exception <a 'java/lang/IncompatibleClassChangeError'{0x00000000d687a490}: Found class java.lang.Object, but interface was expected> (0x00000000d687a490) 
thrown [s\src\hotspot\share\interpreter\linkResolver.cpp, line 840]

ZGC Phase Switch (0 events):
No events

VM Operations (20 events):
Event: 4.968 Executing safepoint VM operation: CollectForMetadataAllocation (Metadata GC Threshold)
Event: 5.001 Executing safepoint VM operation: CollectForMetadataAllocation (Metadata GC Threshold) done
Event: 5.165 Executing non-safepoint VM operation: HandshakeAllThreads (Deoptimize)
Event: 5.165 Executing non-safepoint VM operation: HandshakeAllThreads (Deoptimize) done
Event: 5.253 Executing non-safepoint VM operation: HandshakeAllThreads (Deoptimize)
Event: 5.253 Executing non-safepoint VM operation: HandshakeAllThreads (Deoptimize) done
Event: 5.524 Executing non-safepoint VM operation: HandshakeAllThreads (Deoptimize)
Event: 5.524 Executing non-safepoint VM operation: HandshakeAllThreads (Deoptimize) done
Event: 5.570 Executing non-safepoint VM operation: HandshakeAllThreads (Deoptimize)
Event: 5.570 Executing non-safepoint VM operation: HandshakeAllThreads (Deoptimize) done
Event: 6.570 Executing safepoint VM operation: Cleanup
Event: 6.570 Executing safepoint VM operation: Cleanup done
Event: 7.727 Executing non-safepoint VM operation: HandshakeAllThreads (Deoptimize)
Event: 7.727 Executing non-safepoint VM operation: HandshakeAllThreads (Deoptimize) done
Event: 7.780 Executing safepoint VM operation: ParallelGCFailedAllocation (Allocation Failure)
Event: 7.783 Executing safepoint VM operation: ParallelGCFailedAllocation (Allocation Failure) done
Event: 8.787 Executing safepoint VM operation: Cleanup
Event: 9.285 Executing safepoint VM operation: Cleanup done
Event: 10.296 Executing safepoint VM operation: Cleanup
Event: 10.296 Executing safepoint VM operation: Cleanup done

Memory protections (0 events):
No events

Nmethod flushes (0 events):
No events

Events (20 events):
Event: 3.993 Thread 0x000002e84561c740 Thread added: 0x000002e845b64200
Event: 5.109 Thread 0x000002e84561c740 Thread added: 0x000002e845e4dc40
Event: 5.232 Thread 0x000002e845e4dc40 Thread exited: 0x000002e845e4dc40
Event: 7.741 Thread 0x000002e84561c740 Thread added: 0x000002e845e4d5b0
Event: 7.866 Thread 0x000002e8623b2020 Thread added: 0x000002e845e4dc40
Event: 7.866 Thread 0x000002e8623b2020 Thread added: 0x000002e845e4cf20
Event: 7.867 Thread 0x000002e8623b2020 Thread added: 0x000002e845e4e2d0
Event: 7.867 Thread 0x000002e8623b2020 Thread added: 0x000002e845e4ae50
Event: 7.867 Thread 0x000002e8623b2020 Thread added: 0x000002e845e4b4e0
Event: 7.867 Thread 0x000002e8623b2020 Thread added: 0x000002e845e4bb70
Event: 7.867 Thread 0x000002e8623b2020 Thread added: 0x000002e845e4c200
Event: 7.867 Thread 0x000002e8623b2020 Thread added: 0x000002e87a2a9f60
Event: 7.867 Thread 0x000002e8623b2020 Thread added: 0x000002e87a2ac030
Event: 7.867 Thread 0x000002e8623b2020 Thread added: 0x000002e87a2aa5f0
Event: 7.868 Thread 0x000002e8623b2020 Thread added: 0x000002e87a2aac80
Event: 7.868 Thread 0x000002e8623b2020 Thread added: 0x000002e87a2a9240
Event: 7.868 Thread 0x000002e8623b2020 Thread added: 0x000002e87a2ac6c0
Event: 7.919 Thread 0x000002e8623b2020 Thread added: 0x000002e87a2ab310
Event: 9.299 Thread 0x000002e8623b2020 Thread added: 0x000002e87a2ab9a0
Event: 9.299 Thread 0x000002e8623b2020 Thread added: 0x000002e87a2acd50


Dynamic libraries:
0x00007ff64dcb0000 - 0x00007ff64dcbe000 	c:\Users\style\.vscode\extensions\redhat.java-1.55.0-win32-x64\jre\21.0.11-win32-x86_64\bin\java.exe
0x00007ffca0a00000 - 0x00007ffca0c66000 	C:\WINDOWS\SYSTEM32\ntdll.dll
0x00007ffc9f8f0000 - 0x00007ffc9f9b9000 	C:\WINDOWS\System32\KERNEL32.DLL
0x00007ffc9e170000 - 0x00007ffc9e56e000 	C:\WINDOWS\System32\KERNELBASE.dll
0x00007ffc9a420000 - 0x00007ffc9a4c0000 	C:\WINDOWS\SYSTEM32\apphelp.dll
0x00007ffc9dc20000 - 0x00007ffc9dd6c000 	C:\WINDOWS\System32\ucrtbase.dll
0x00007ffc36350000 - 0x00007ffc3636e000 	c:\Users\style\.vscode\extensions\redhat.java-1.55.0-win32-x64\jre\21.0.11-win32-x86_64\bin\VCRUNTIME140.dll
0x00007ffc389a0000 - 0x00007ffc389b8000 	c:\Users\style\.vscode\extensions\redhat.java-1.55.0-win32-x64\jre\21.0.11-win32-x86_64\bin\jli.dll
0x00007ffc9f700000 - 0x00007ffc9f8c7000 	C:\WINDOWS\System32\USER32.dll
0x00007ffc9e640000 - 0x00007ffc9e667000 	C:\WINDOWS\System32\win32u.dll
0x00007ffc82220000 - 0x00007ffc824b2000 	C:\WINDOWS\WinSxS\amd64_microsoft.windows.common-controls_6595b64144ccf1df_6.0.26100.8875_none_3e0d5d42e32fe9dd\COMCTL32.dll
0x00007ffca0850000 - 0x00007ffca087b000 	C:\WINDOWS\System32\GDI32.dll
0x00007ffca0450000 - 0x00007ffca04f9000 	C:\WINDOWS\System32\msvcrt.dll
0x00007ffc9dd80000 - 0x00007ffc9deaa000 	C:\WINDOWS\System32\gdi32full.dll
0x00007ffc9deb0000 - 0x00007ffc9df53000 	C:\WINDOWS\System32\msvcp_win.dll
0x00007ffc9e8a0000 - 0x00007ffc9e8d2000 	C:\WINDOWS\System32\IMM32.DLL
0x00007ffc57000000 - 0x00007ffc5700c000 	c:\Users\style\.vscode\extensions\redhat.java-1.55.0-win32-x64\jre\21.0.11-win32-x86_64\bin\vcruntime140_1.dll
0x00007ffbf3810000 - 0x00007ffbf389d000 	c:\Users\style\.vscode\extensions\redhat.java-1.55.0-win32-x64\jre\21.0.11-win32-x86_64\bin\msvcp140.dll
0x00007ffbb9d00000 - 0x00007ffbbaaa2000 	c:\Users\style\.vscode\extensions\redhat.java-1.55.0-win32-x64\jre\21.0.11-win32-x86_64\bin\server\jvm.dll
0x00007ffca05e0000 - 0x00007ffca0697000 	C:\WINDOWS\System32\ADVAPI32.dll
0x00007ffc9e780000 - 0x00007ffc9e82a000 	C:\WINDOWS\System32\sechost.dll
0x00007ffca06a0000 - 0x00007ffca07b8000 	C:\WINDOWS\System32\RPCRT4.dll
0x00007ffc9ea80000 - 0x00007ffc9eb00000 	C:\WINDOWS\System32\WS2_32.dll
0x00007ffc9da80000 - 0x00007ffc9dade000 	C:\WINDOWS\SYSTEM32\POWRPROF.dll
0x00007ffc93fa0000 - 0x00007ffc93fd6000 	C:\WINDOWS\SYSTEM32\WINMM.dll
0x00007ffc8ad50000 - 0x00007ffc8ad5b000 	C:\WINDOWS\SYSTEM32\VERSION.dll
0x00007ffc9d8a0000 - 0x00007ffc9d8b4000 	C:\WINDOWS\SYSTEM32\UMPDC.dll
0x00007ffc9c8c0000 - 0x00007ffc9c8db000 	C:\WINDOWS\SYSTEM32\kernel.appcore.dll
0x00007ffc4c610000 - 0x00007ffc4c61a000 	c:\Users\style\.vscode\extensions\redhat.java-1.55.0-win32-x64\jre\21.0.11-win32-x86_64\bin\jimage.dll
0x00007ffc9b2b0000 - 0x00007ffc9b4f2000 	C:\WINDOWS\SYSTEM32\DBGHELP.DLL
0x00007ffc9ed00000 - 0x00007ffc9f083000 	C:\WINDOWS\System32\combase.dll
0x00007ffca0500000 - 0x00007ffca05d9000 	C:\WINDOWS\System32\OLEAUT32.dll
0x00007ffc7fc30000 - 0x00007ffc7fc6b000 	C:\WINDOWS\SYSTEM32\dbgcore.DLL
0x00007ffc9e580000 - 0x00007ffc9e62c000 	C:\WINDOWS\System32\bcryptPrimitives.dll
0x00007ffc49050000 - 0x00007ffc4905f000 	c:\Users\style\.vscode\extensions\redhat.java-1.55.0-win32-x64\jre\21.0.11-win32-x86_64\bin\instrument.dll
0x00007ffc360b0000 - 0x00007ffc360d0000 	c:\Users\style\.vscode\extensions\redhat.java-1.55.0-win32-x64\jre\21.0.11-win32-x86_64\bin\java.dll
0x00007ffc9fca0000 - 0x00007ffca0432000 	C:\WINDOWS\System32\SHELL32.dll
0x00007ffc9b6d0000 - 0x00007ffc9bf62000 	C:\WINDOWS\SYSTEM32\windows.storage.dll
0x00007ffc9fb10000 - 0x00007ffc9fc07000 	C:\WINDOWS\System32\SHCORE.dll
0x00007ffc9e830000 - 0x00007ffc9e897000 	C:\WINDOWS\System32\shlwapi.dll
0x00007ffc9db40000 - 0x00007ffc9db69000 	C:\WINDOWS\SYSTEM32\profapi.dll
0x00007ffc33850000 - 0x00007ffc33868000 	c:\Users\style\.vscode\extensions\redhat.java-1.55.0-win32-x64\jre\21.0.11-win32-x86_64\bin\zip.dll
0x00007ffc48680000 - 0x00007ffc48690000 	C:\Users\style\.vscode\extensions\redhat.java-1.55.0-win32-x64\jre\21.0.11-win32-x86_64\bin\net.dll
0x00007ffc975a0000 - 0x00007ffc976c7000 	C:\WINDOWS\SYSTEM32\WINHTTP.dll
0x00007ffc9ce60000 - 0x00007ffc9cecc000 	C:\WINDOWS\system32\mswsock.dll
0x00007ffc324b0000 - 0x00007ffc324c6000 	C:\Users\style\.vscode\extensions\redhat.java-1.55.0-win32-x64\jre\21.0.11-win32-x86_64\bin\nio.dll
0x00007ffc483f0000 - 0x00007ffc48400000 	c:\Users\style\.vscode\extensions\redhat.java-1.55.0-win32-x64\jre\21.0.11-win32-x86_64\bin\verify.dll
0x00007ffc99a90000 - 0x00007ffc99ad5000 	C:\Users\style\AppData\Roaming\Code\User\globalStorage\redhat.java\1.55.0\config_ss_win\org.eclipse.equinox.launcher\org.eclipse.equinox.launcher.win32.win32.x86_64_1.3.100.v20260613-0559\eclipse_11924.dll
0x00007ffc9e8e0000 - 0x00007ffc9ea79000 	C:\WINDOWS\System32\ole32.dll
0x00007ffc3bec0000 - 0x00007ffc3beca000 	C:\Users\style\.vscode\extensions\redhat.java-1.55.0-win32-x64\jre\21.0.11-win32-x86_64\bin\management.dll
0x00007ffc3b170000 - 0x00007ffc3b17c000 	C:\Users\style\.vscode\extensions\redhat.java-1.55.0-win32-x64\jre\21.0.11-win32-x86_64\bin\management_ext.dll
0x00007ffca07c0000 - 0x00007ffca07c8000 	C:\WINDOWS\System32\PSAPI.DLL
0x00007ffc9d130000 - 0x00007ffc9d14b000 	C:\WINDOWS\SYSTEM32\CRYPTSP.dll
0x00007ffc9c820000 - 0x00007ffc9c859000 	C:\WINDOWS\system32\rsaenh.dll
0x00007ffc9cf20000 - 0x00007ffc9cf52000 	C:\WINDOWS\SYSTEM32\USERENV.dll
0x00007ffc9db10000 - 0x00007ffc9db3a000 	C:\WINDOWS\SYSTEM32\bcrypt.dll
0x00007ffc9d110000 - 0x00007ffc9d11c000 	C:\WINDOWS\SYSTEM32\CRYPTBASE.dll
0x00007ffc9c0d0000 - 0x00007ffc9c103000 	C:\WINDOWS\SYSTEM32\IPHLPAPI.DLL
0x00007ffca09b0000 - 0x00007ffca09ba000 	C:\WINDOWS\System32\NSI.dll
0x00007ffc965f0000 - 0x00007ffc96639000 	C:\Users\style\AppData\Local\Temp\jna-109780401\jna2939030249301884830.dll
0x00007ffc97be0000 - 0x00007ffc97bfd000 	C:\WINDOWS\SYSTEM32\dhcpcsvc6.DLL
0x00007ffc97b40000 - 0x00007ffc97b65000 	C:\WINDOWS\SYSTEM32\dhcpcsvc.DLL

JVMTI agents:
c:\Users\style\.vscode\extensions\redhat.java-1.55.0-win32-x64\lombok\lombok-1.18.39-4050.jar path:c:\Users\style\.vscode\extensions\redhat.java-1.55.0-win32-x64\jre\21.0.11-win32-x86_64\bin\instrument.dll, loaded, initialized, instrumentlib options:none

dbghelp: loaded successfully - version: 4.0.5 - missing functions: none
symbol engine: initialized successfully - sym options: 0x614 - pdb path: .;c:\Users\style\.vscode\extensions\redhat.java-1.55.0-win32-x64\jre\21.0.11-win32-x86_64\bin;C:\WINDOWS\SYSTEM32;C:\WINDOWS\WinSxS\amd64_microsoft.windows.common-controls_6595b64144ccf1df_6.0.26100.8875_none_3e0d5d42e32fe9dd;c:\Users\style\.vscode\extensions\redhat.java-1.55.0-win32-x64\jre\21.0.11-win32-x86_64\bin\server;C:\Users\style\AppData\Roaming\Code\User\globalStorage\redhat.java\1.55.0\config_ss_win\org.eclipse.equinox.launcher\org.eclipse.equinox.launcher.win32.win32.x86_64_1.3.100.v20260613-0559;C:\Users\style\AppData\Local\Temp\jna-109780401

VM Arguments:
jvm_args: --add-modules=ALL-SYSTEM --add-opens=java.base/java.util=ALL-UNNAMED --add-opens=java.base/java.lang=ALL-UNNAMED --add-opens=java.base/sun.nio.fs=ALL-UNNAMED -Declipse.application=org.eclipse.jdt.ls.core.id1 -Dosgi.bundles.defaultStartLevel=4 -Declipse.product=org.eclipse.jdt.ls.core.product -Djava.import.generatesMetadataFilesAtProjectRoot=false -DDetectVMInstallationsJob.disabled=true -Dfile.encoding=utf8 -XX:+UseParallelGC -XX:GCTimeRatio=4 -XX:AdaptiveSizePolicyWeight=90 -Dsun.zip.disableMemoryMapping=true -Xmx2G -Xms100m -Xlog:disable -javaagent:c:\Users\style\.vscode\extensions\redhat.java-1.55.0-win32-x64\lombok\lombok-1.18.39-4050.jar 
java_command: c:\Users\style\.vscode\extensions\redhat.java-1.55.0-win32-x64\server\plugins\org.eclipse.equinox.launcher_1.7.200.v20260619-2039.jar -configuration c:\Users\style\AppData\Roaming\Code\User\globalStorage\redhat.java\1.55.0\config_ss_win -data c:\Users\style\AppData\Roaming\Code\User\workspaceStorage\b5b71c28e1c152c35313750477d44352\redhat.java\ss_ws --pipe=\\.\pipe\lsp-ba3d34201e8746bcdb55a7b5b0099119-sock
java_class_path (initial): c:\Users\style\.vscode\extensions\redhat.java-1.55.0-win32-x64\server\plugins\org.eclipse.equinox.launcher_1.7.200.v20260619-2039.jar
Launcher Type: SUN_STANDARD

[Global flags]
    uintx AdaptiveSizePolicyWeight                 = 90                                        {product} {command line}
     intx CICompilerCount                          = 4                                         {product} {ergonomic}
    uintx GCTimeRatio                              = 4                                         {product} {command line}
   size_t InitialHeapSize                          = 104857600                                 {product} {command line}
   size_t MaxHeapSize                              = 2147483648                                {product} {command line}
   size_t MaxNewSize                               = 715653120                                 {product} {ergonomic}
   size_t MinHeapDeltaBytes                        = 524288                                    {product} {ergonomic}
   size_t MinHeapSize                              = 104857600                                 {product} {command line}
   size_t NewSize                                  = 34603008                                  {product} {ergonomic}
    uintx NonNMethodCodeHeapSize                   = 5839372                                {pd product} {ergonomic}
    uintx NonProfiledCodeHeapSize                  = 122909434                              {pd product} {ergonomic}
   size_t OldSize                                  = 70254592                                  {product} {ergonomic}
    uintx ProfiledCodeHeapSize                     = 122909434                              {pd product} {ergonomic}
    uintx ReservedCodeCacheSize                    = 251658240                              {pd product} {ergonomic}
     bool SegmentedCodeCache                       = true                                      {product} {ergonomic}
   size_t SoftMaxHeapSize                          = 2147483648                             {manageable} {ergonomic}
     bool UseCompressedOops                        = true                           {product lp64_product} {ergonomic}
     bool UseLargePagesIndividualAllocation        = false                                  {pd product} {ergonomic}
     bool UseParallelGC                            = true                                      {product} {command line}

Logging:
Log output configuration:
 #0: stdout all=off uptime,level,tags foldmultilines=false
 #1: stderr all=off uptime,level,tags foldmultilines=false

Release file:
JAVA_VERSION="21.0.11" 
MODULES="java.base java.compiler java.datatransfer java.xml java.prefs java.desktop java.instrument java.logging java.management java.security.sasl java.naming java.rmi java.management.rmi java.net.http java.scripting java.security.jgss java.transaction.xa java.sql java.sql.rowset java.xml.crypto java.se java.smartcardio jdk.accessibility jdk.internal.jvmstat jdk.attach jdk.charsets jdk.internal.opt jdk.zipfs jdk.compiler jdk.crypto.ec jdk.crypto.cryptoki jdk.crypto.mscapi jdk.dynalink jdk.internal.ed jdk.editpad jdk.hotspot.agent jdk.httpserver jdk.internal.le jdk.internal.vm.ci jdk.internal.vm.compiler jdk.internal.vm.compiler.management jdk.jartool jdk.javadoc jdk.jcmd jdk.management jdk.management.agent jdk.jconsole jdk.jdeps jdk.jdwp.agent jdk.jdi jdk.jfr jdk.jshell jdk.jsobject jdk.jstatd jdk.localedata jdk.management.jfr jdk.naming.dns jdk.naming.rmi jdk.net jdk.nio.mapmode jdk.random jdk.sctp jdk.security.auth jdk.security.jgss jdk.unsupported jdk.unsupported.desktop jdk.xml.dom" 

Environment Variables:
JAVA_HOME=C:\Program Files\Java\jdk-23
PATH=C:\Program Files (x86)\NVIDIA Corporation\PhysX\Common;C:\Python312\Scripts\;C:\Python312\;C:\Program Files\Common Files\Oracle\Java\javapath;C:\Windows\System32\HWAudioDriver;C:\Windows\system32;C:\Windows;C:\Windows\System32\Wbem;C:\Windows\System32\WindowsPowerShell\v1.0\;C:\Windows\System32\OpenSSH\;C:\Users\Administrator\AppData\Local\Microsoft\WindowsApps;C:\ProgramData\ComposerSetup\bin;C:\ProgramData\chocolatey\bin;C:\Program Files\dotnet\;C:\WINDOWS\system32;C:\WINDOWS;C:\WINDOWS\System32\Wbem;C:\WINDOWS\System32\WindowsPowerShell\v1.0\;C:\WINDOWS\System32\OpenSSH\;C:\Program Files\Git\cmd;D:\GAMES\ffmpeg-8.0-essentials_build\ffmpeg-8.0-essentials_build\bin;C:\Program Files (x86)\Microsoft SQL Server\170\Tools\Binn\;C:\Program Files\Microsoft SQL Server\170\Tools\Binn\;C:\Program Files\Microsoft SQL Server\Client SDK\ODBC\180\Tools\Binn\;C:\Program Files\Microsoft SQL Server\170\DTS\Binn\;%NVM_HOME%;%NVM_SYMLINK%;C:\Users\style\AppData\Local\Programs\Python\Launcher\;C:\Users\style\AppData\Local\Microsoft\WindowsApps;C:\Program Files\Java\jdk-23\bin;C:\xampp\php;C:\Users\style\AppData\Roaming\Composer\vendor\bin;C:\Program Files\Git;C:\Program Files\MongoDB\Server\8.0\bin;C:\Program Files\MongoDB\mongosh-2.3.8-win32-x64;C:\Users\style\AppData\Local\Google\Cloud SDK\google-cloud-sdk\bin;C:\Users\style\AppData\Local\Programs\Microsoft VS Code\bin;C:\Users\style\AppData\Local\nvm;C:\nvm4w\nodejs;C:\Users\style\AppData\Roaming\Microsoft\Windows\Start Menu\Programs\Python 3.14;C:\flutter\bin;
USERNAME=style
OS=Windows_NT
PROCESSOR_IDENTIFIER=Intel64 Family 6 Model 154 Stepping 3, GenuineIntel
TMP=C:\Users\style\AppData\Local\Temp
TEMP=C:\Users\style\AppData\Local\Temp




Periodic native trim disabled

---------------  S Y S T E M  ---------------

OS:
 Windows 11 , 64 bit Build 26100 (10.0.26100.8875)
OS uptime: 1 days 7:58 hours
Hyper-V role detected

CPU: total 12 (initial active 12) (6 cores per cpu, 2 threads per core) family 6 model 154 stepping 3 microcode 0x426, cx8, cmov, fxsr, ht, mmx, 3dnowpref, sse, sse2, sse3, ssse3, sse4.1, sse4.2, popcnt, lzcnt, tsc, tscinvbit, avx, avx2, aes, erms, clmul, bmi1, bmi2, adx, sha, fma, vzeroupper, clflush, clflushopt, clwb, hv, serialize, rdtscp, rdpid, fsrm, f16c, cet_ibt, cet_ss
Processor Information for processor 0
  Max Mhz: 2000, Current Mhz: 2000, Mhz Limit: 2000
Processor Information for processor 1
  Max Mhz: 2000, Current Mhz: 2000, Mhz Limit: 2000
Processor Information for processor 2
  Max Mhz: 2000, Current Mhz: 2000, Mhz Limit: 2000
Processor Information for processor 3
  Max Mhz: 2000, Current Mhz: 1520, Mhz Limit: 2000
Processor Information for processor 4
  Max Mhz: 2000, Current Mhz: 2000, Mhz Limit: 2000
Processor Information for processor 5
  Max Mhz: 2000, Current Mhz: 2000, Mhz Limit: 2000
Processor Information for processor 6
  Max Mhz: 2000, Current Mhz: 2000, Mhz Limit: 2000
Processor Information for processor 7
  Max Mhz: 2000, Current Mhz: 2000, Mhz Limit: 2000
Processor Information for processor 8
  Max Mhz: 2000, Current Mhz: 1466, Mhz Limit: 2000
Processor Information for processor 9
  Max Mhz: 2000, Current Mhz: 2000, Mhz Limit: 2000
Processor Information for processor 10
  Max Mhz: 2000, Current Mhz: 2000, Mhz Limit: 2000
Processor Information for processor 11
  Max Mhz: 2000, Current Mhz: 2000, Mhz Limit: 2000

Memory: 4k page, system-wide physical 7916M (183M free)
TotalPageFile size 32492M (AvailPageFile size 13M)
current process WorkingSet (physical memory assigned to process): 158M, peak: 158M
current process commit charge ("private bytes"): 295M, peak: 295M

vm_info: OpenJDK 64-Bit Server VM (21.0.11+10-LTS) for windows-amd64 JRE (21.0.11+10-LTS), built on 2026-04-21T00:00:00Z by "admin" with MS VC++ 17.12 (VS2022)

END.
